Preparing the data...
--------------------------------
Loading the train dataset...
Loading the target dataset...
Loading the test dataset...
Reduction ...
transform training data...
transform test data...
Choose best hyperparameters...
Traceback (most recent call last):
  File "svm.py", line 35, in <module>
    clf.fit(train_data, target)
  File "/home/kizzyterra/pythonenv/pyenv/local/lib/python2.7/site-packages/sklearn/grid_search.py", line 804, in fit
    return self._fit(X, y, ParameterGrid(self.param_grid))
  File "/home/kizzyterra/pythonenv/pyenv/local/lib/python2.7/site-packages/sklearn/grid_search.py", line 525, in _fit
    X, y = indexable(X, y)
  File "/home/kizzyterra/pythonenv/pyenv/local/lib/python2.7/site-packages/sklearn/utils/validation.py", line 201, in indexable
    check_consistent_length(*result)
  File "/home/kizzyterra/pythonenv/pyenv/local/lib/python2.7/site-packages/sklearn/utils/validation.py", line 176, in check_consistent_length
    "%s" % str(uniques))
ValueError: Found arrays with inconsistent numbers of samples: [41998 41999]
Preparing the data...
--------------------------------
Loading the train dataset...
Loading the target dataset...
Loading the test dataset...
Reduction ...
target shape: (42000,), train shape: (42000, 170)
[ 1.  0.  1. ...,  7.  6.  9.]
transform training data...
transform test data...
Choose best hyperparameters...
